Summary of SPARK analysis
=========================

--------------------------------------------------------------------------------------------
SPARK Analysis results        Total       Flow   CodePeer     Provers   Justified   Unproved
--------------------------------------------------------------------------------------------
Data Dependencies                 .          .          .           .           .          .
Flow Dependencies                 .          .          .           .           .          .
Initialization                    1          1          .           .           .          .
Non-Aliasing                      .          .          .           .           .          .
Run-time Checks                   2          .          .    2 (CVC4)           .          .
Assertions                        .          .          .           .           .          .
Functional Contracts              .          .          .           .           .          .
LSP Verification                  .          .          .           .           .          .
Termination                       .          .          .           .           .          .
Concurrency                       .          .          .           .           .          .
--------------------------------------------------------------------------------------------
Total                             3    1 (33%)          .     2 (67%)           .          .


max steps used for successful proof: 1

Analyzed 1 unit
in unit show_modularity, 2 subprograms and packages out of 2 analyzed
  Show_Modularity at show_modularity.adb:1 flow analyzed (0 errors, 0 checks and 0 warnings) and proved (2 checks)
  Show_Modularity.Increment at show_modularity.adb:5 flow analyzed (0 errors, 0 checks and 0 warnings) and proved (0 checks)
