Summary of SPARK analysis
=========================

-----------------------------------------------------------------------------------------
SPARK Analysis results        Total      Flow   CodePeer   Provers   Justified   Unproved
-----------------------------------------------------------------------------------------
Data Dependencies                 .         .          .         .           .          .
Flow Dependencies                 .         .          .         .           .          .
Initialization                    .         .          .         .           .          .
Non-Aliasing                      .         .          .         .           .          .
Run-time Checks                   .         .          .         .           .          .
Assertions                        .         .          .         .           .          .
Functional Contracts              .         .          .         .           .          .
LSP Verification                  .         .          .         .           .          .
Termination                       .         .          .         .           .          .
Concurrency                       .         .          .         .           .          .
-----------------------------------------------------------------------------------------
Total                             .         .          .         .           .          .


max steps used for successful proof: 0

Analyzed 1 unit
in unit show_ineffective_statements, 3 subprograms and packages out of 3 analyzed
  Show_Ineffective_Statements at show_ineffective_statements.ads:1 flow analyzed (0 errors, 0 checks and 0 warnings) and proved (0 checks)
  Show_Ineffective_Statements.Swap1 at show_ineffective_statements.ads:7 flow analyzed (0 errors, 0 checks and 2 warnings) and proved (0 checks)
  Show_Ineffective_Statements.Swap2 at show_ineffective_statements.ads:8 flow analyzed (0 errors, 0 checks and 1 warnings) and proved (0 checks)
   suppressed messages:
    show_ineffective_statements.adb:16:7: 
