Summary of SPARK analysis
=========================

--------------------------------------------------------------------------------------------
SPARK Analysis results        Total       Flow   CodePeer     Provers   Justified   Unproved
--------------------------------------------------------------------------------------------
Data Dependencies                 .          .          .           .           .          .
Flow Dependencies                 .          .          .           .           .          .
Initialization                    1          1          .           .           .          .
Non-Aliasing                      .          .          .           .           .          .
Run-time Checks                   2          .          .    1 (CVC4)           .          1
Assertions                        .          .          .           .           .          .
Functional Contracts              1          .          .    1 (CVC4)           .          .
LSP Verification                  .          .          .           .           .          .
Termination                       .          .          .           .           .          .
Concurrency                       .          .          .           .           .          .
--------------------------------------------------------------------------------------------
Total                             4    1 (25%)          .     2 (50%)           .    1 (25%)


max steps used for successful proof: 1

Analyzed 1 unit
in unit show_modularity, 2 subprograms and packages out of 2 analyzed
  Show_Modularity at show_modularity.adb:1 flow analyzed (0 errors, 0 checks and 0 warnings) and not proved, 1 checks out of 2 proved
  Show_Modularity.Increment at show_modularity.adb:5 flow analyzed (0 errors, 0 checks and 0 warnings) and proved (1 checks)
