Summary of SPARK analysis
=========================

------------------------------------------------------------------------------------------
SPARK Analysis results        Total      Flow   CodePeer   Provers   Justified    Unproved
------------------------------------------------------------------------------------------
Data Dependencies                 .         .          .         .           .           .
Flow Dependencies                 .         .          .         .           .           .
Initialization                    2         .          .         .           .           2
Non-Aliasing                      .         .          .         .           .           .
Run-time Checks                   .         .          .         .           .           .
Assertions                        .         .          .         .           .           .
Functional Contracts              .         .          .         .           .           .
LSP Verification                  .         .          .         .           .           .
Termination                       .         .          .         .           .           .
Concurrency                       .         .          .         .           .           .
------------------------------------------------------------------------------------------
Total                             2         .          .         .           .    2 (100%)


max steps used for successful proof: 0

Analyzed 1 unit
in unit show_uninitialized, 2 subprograms and packages out of 2 analyzed
  Show_Uninitialized at show_uninitialized.ads:1 flow analyzed (0 errors, 0 checks and 0 warnings) and proved (0 checks)
  Show_Uninitialized.Max_Array at show_uninitialized.ads:7 flow analyzed (0 errors, 2 checks and 0 warnings) and proved (0 checks)
