Summary of SPARK analysis
=========================

-----------------------------------------------------------------------------------------
SPARK Analysis results        Total      Flow   CodePeer   Provers   Justified   Unproved
-----------------------------------------------------------------------------------------
Data Dependencies                 .         .          .         .           .          .
Flow Dependencies                 .         .          .         .           .          .
Initialization                    .         .          .         .           .          .
Non-Aliasing                      .         .          .         .           .          .
Run-time Checks                   .         .          .         .           .          .
Assertions                        .         .          .         .           .          .
Functional Contracts              .         .          .         .           .          .
LSP Verification                  .         .          .         .           .          .
Termination                       .         .          .         .           .          .
Concurrency                       .         .          .         .           .          .
-----------------------------------------------------------------------------------------
Total                             .         .          .         .           .          .


max steps used for successful proof: 0

Analyzed 1 unit
in unit show_global_contracts, 1 subprograms and packages out of 5 analyzed
  Show_Global_Contracts at show_global_contracts.ads:1 flow analyzed (0 errors, 0 checks and 0 warnings) and proved (0 checks)
  Show_Global_Contracts.Get_Value_Of_X at show_global_contracts.ads:16 skipped
  Show_Global_Contracts.Incr_Parameter_X at show_global_contracts.ads:19 skipped
  Show_Global_Contracts.Set_X_To_X_Plus_Y at show_global_contracts.ads:11 skipped
  Show_Global_Contracts.Set_X_To_Y_Plus_Z at show_global_contracts.ads:7 skipped
