Summary of SPARK analysis
=========================

-------------------------------------------------------------------------------------------
SPARK Analysis results        Total      Flow   CodePeer     Provers   Justified   Unproved
-------------------------------------------------------------------------------------------
Data Dependencies                 .         .          .           .           .          .
Flow Dependencies                 .         .          .           .           .          .
Initialization                    .         .          .           .           .          .
Non-Aliasing                      1         .          .           .           .          1
Run-time Checks                   2         .          .    1 (CVC4)           .          1
Assertions                        2         .          .    1 (CVC4)           .          1
Functional Contracts              1         .          .    1 (CVC4)           .          .
LSP Verification                  .         .          .           .           .          .
Termination                       .         .          .           .           .          .
Concurrency                       .         .          .           .           .          .
-------------------------------------------------------------------------------------------
Total                             6         .          .     3 (50%)           .    3 (50%)


max steps used for successful proof: 1

Analyzed 1 unit
in unit no_aliasing, 2 subprograms and packages out of 2 analyzed
  No_Aliasing at no_aliasing.adb:1 flow analyzed (0 errors, 1 checks and 0 warnings) and not proved, 1 checks out of 2 proved
  No_Aliasing.Move_To_Total at no_aliasing.adb:7 flow analyzed (0 errors, 0 checks and 0 warnings) and not proved, 2 checks out of 3 proved
